{
  "RSpec": {
    "coverage": {
      "/Users/travis/Desktop/sites/homkora_rails/homkora/app/abilities/admins.rb": [
        1,
        null,
        0,
        null,
        null
      ],
      "/Users/travis/Desktop/sites/homkora_rails/homkora/app/abilities/guests.rb": [
        1,
        null,
        0,
        null,
        null,
        null
      ],
      "/Users/travis/Desktop/sites/homkora_rails/homkora/app/abilities/users.rb": [
        1,
        null,
        31,
        31,
        31,
        31,
        31,
        null,
        31,
        31,
        31,
        31,
        31,
        null,
        31,
        31,
        null
      ],
      "/Users/travis/Desktop/sites/homkora_rails/homkora/app/models/user.rb": [
        1,
        1,
        1,
        null,
        1,
        null,
        null,
        null,
        null,
        1,
        null,
        null,
        null,
        1,
        1,
        null,
        null,
        1,
        1,
        null,
        null,
        1,
        null,
        null,
        1,
        1,
        1,
        1,
        1,
        null,
        null,
        1,
        1,
        1,
        1,
        null,
        null,
        null,
        null,
        null,
        null,
        null,
        1,
        null,
        1,
        1,
        null,
        1,
        1,
        null,
        1,
        1,
        null,
        1,
        1,
        null,
        1,
        null,
        null,
        1,
        null,
        1,
        null,
        null,
        1,
        0,
        0,
        0,
        null,
        0,
        null,
        null,
        null,
        null
      ],
      "/Users/travis/Desktop/sites/homkora_rails/homkora/app/controllers/application_controller.rb": [
        1,
        1,
        null,
        null,
        1,
        0,
        null,
        null,
        1,
        0,
        0,
        null,
        null
      ],
      "/Users/travis/Desktop/sites/homkora_rails/homkora/app/controllers/home_controller.rb": [
        1,
        1,
        null,
        null,
        1,
        null,
        null,
        1,
        null,
        null,
        1,
        null,
        null,
        1,
        null,
        null,
        1,
        null,
        null,
        null,
        null,
        null,
        null,
        null
      ],
      "/Users/travis/Desktop/sites/homkora_rails/homkora/app/controllers/projects_controller.rb": [
        1,
        1,
        null,
        1,
        null,
        null,
        null,
        1,
        1,
        null,
        1,
        null,
        null,
        null,
        null,
        1,
        1,
        null,
        1,
        null,
        null,
        null,
        null,
        1,
        1,
        null,
        1,
        null,
        null,
        null,
        1,
        1,
        null,
        null,
        null,
        null,
        1,
        5,
        null,
        null,
        5,
        5,
        6,
        3,
        null,
        4,
        2,
        null,
        null,
        null,
        null,
        null,
        null,
        1,
        5,
        null,
        5,
        5,
        6,
        null,
        3,
        null,
        4,
        2,
        null,
        null,
        null,
        null,
        null,
        null,
        1,
        2,
        2,
        null,
        2,
        4,
        2,
        null,
        null,
        null,
        1,
        0,
        null,
        0,
        null,
        null,
        null
      ],
      "/Users/travis/Desktop/sites/homkora_rails/homkora/app/models/project.rb": [
        1,
        1,
        1,
        null,
        1,
        null,
        1,
        1,
        1,
        null,
        1,
        null,
        1,
        null,
        1,
        null,
        null,
        67,
        3,
        null,
        1,
        null,
        1,
        23,
        21,
        21,
        21,
        0,
        null,
        null,
        null,
        2,
        null,
        23,
        23,
        null,
        null,
        null,
        1,
        5,
        5,
        5,
        5,
        5,
        5,
        5,
        null,
        5,
        null,
        null,
        null,
        null,
        null,
        1,
        1,
        1,
        1,
        1,
        null,
        null,
        null,
        null,
        null,
        null,
        1,
        null,
        2,
        2,
        2,
        2,
        2,
        null,
        2,
        null,
        null,
        null,
        2,
        null,
        null,
        null
      ],
      "/Users/travis/Desktop/sites/homkora_rails/homkora/app/controllers/timers_controller.rb": [
        1,
        1,
        null,
        1,
        null,
        null,
        null,
        1,
        1,
        1,
        null,
        null,
        1,
        null,
        null,
        null,
        null,
        1,
        1,
        null,
        1,
        null,
        null,
        null,
        null,
        1,
        1,
        null,
        1,
        null,
        null,
        null,
        1,
        1,
        null,
        null,
        null,
        null,
        1,
        5,
        null,
        5,
        5,
        6,
        3,
        null,
        4,
        2,
        null,
        null,
        null,
        null,
        null,
        null,
        1,
        4,
        null,
        4,
        4,
        6,
        3,
        null,
        2,
        1,
        null,
        null,
        null,
        null,
        null,
        null,
        1,
        2,
        2,
        null,
        2,
        2,
        null,
        2,
        4,
        2,
        null,
        null,
        null,
        1,
        0,
        0,
        0,
        null,
        null,
        0,
        0,
        null,
        null,
        0,
        null,
        null
      ],
      "/Users/travis/Desktop/sites/homkora_rails/homkora/app/models/timer.rb": [
        1,
        1,
        1,
        null,
        1,
        null,
        1,
        1,
        1,
        null,
        1,
        null,
        1,
        null,
        null,
        22,
        3,
        null,
        1,
        null,
        1,
        null,
        null,
        1,
        21,
        null,
        null,
        null,
        null,
        null,
        1,
        1,
        1,
        1,
        1,
        1,
        null,
        null,
        null,
        null,
        null,
        null,
        1,
        null,
        2,
        2,
        2,
        2,
        2,
        null,
        2,
        null,
        null,
        null,
        2,
        null,
        null,
        null
      ],
      "/Users/travis/Desktop/sites/homkora_rails/homkora/app/controllers/token_authentications_controller.rb": [
        1,
        null,
        1,
        0,
        0,
        0,
        null,
        null,
        1,
        0,
        0,
        0,
        0,
        null,
        null,
        null
      ],
      "/Users/travis/Desktop/sites/homkora_rails/homkora/app/controllers/users_controller.rb": [
        1,
        1,
        0,
        null,
        null
      ]
    },
    "timestamp": 1375225712
  }
}
